21:47:33 **** Build of configuration GNU ARM v7.2.1 - Debug for project Copy of Ex2_3 ****
make -j4 all 
Building file: ../src/4_dma_auto.c
Invoking: GNU ARM C Compiler
arm-none-eabi-gcc -g3 -gdwarf-2 -mcpu=cortex-m0plus -mthumb -std=c99 '-DDEBUG_EFM=1' '-DEFM32HG322F64=1' -I"C:/SiliconLabs/SimplicityStudio/v4/developer/sdks/gecko_sdk_suite/v2.7//app/mcu_example/SLSTK3400A_EFM32HG/emlcd" -I"C:/SiliconLabs/SimplicityStudio/v4/developer/sdks/gecko_sdk_suite/v2.7//hardware/kit/SLSTK3400A_EFM32HG/config" -I"C:/SiliconLabs/SimplicityStudio/v4/developer/sdks/gecko_sdk_suite/v2.7//platform/CMSIS/Include" -I"C:/SiliconLabs/SimplicityStudio/v4/developer/sdks/gecko_sdk_suite/v2.7//platform/emlib/inc" -I"C:/SiliconLabs/SimplicityStudio/v4/developer/sdks/gecko_sdk_suite/v2.7//hardware/kit/common/bsp" -I"C:/SiliconLabs/SimplicityStudio/v4/developer/sdks/gecko_sdk_suite/v2.7//hardware/kit/common/drivers" -I"C:/SiliconLabs/SimplicityStudio/v4/developer/sdks/gecko_sdk_suite/v2.7//platform/Device/SiliconLabs/EFM32HG/Include" -I"C:/SiliconLabs/SimplicityStudio/v4/developer/sdks/gecko_sdk_suite/v2.7//platform/middleware/glib" -I"C:/SiliconLabs/SimplicityStudio/v4/developer/sdks/gecko_sdk_suite/v2.7//platform/middleware/glib/glib" -I"C:/SiliconLabs/SimplicityStudio/v4/developer/sdks/gecko_sdk_suite/v2.7//platform/middleware/glib/dmd" -I"C:/SiliconLabs/SimplicityStudio/v4/developer/sdks/gecko_sdk_suite/v2.7//platform/middleware/glib/dmd/ssd2119" -O0 -Wall -c -fmessage-length=0 -mno-sched-prolog -fno-builtin -ffunction-sections -fdata-sections -MMD -MP -MF"src/4_dma_auto.d" -MT"src/4_dma_auto.o" -o "src/4_dma_auto.o" "../src/4_dma_auto.c"
Finished building: ../src/4_dma_auto.c
 
Building target: Copy of Ex2_3.axf
Invoking: GNU ARM C Linker
arm-none-eabi-gcc -g3 -gdwarf-2 -mcpu=cortex-m0plus -mthumb -T "Copy of Ex2_3.ld" -Xlinker --gc-sections -Xlinker -Map="Copy of Ex2_3.map" --specs=nano.specs -o "Copy of Ex2_3.axf" "./CMSIS/EFM32HG/startup_efm32hg.o" "./CMSIS/EFM32HG/system_efm32hg.o" "./Drivers/display.o" "./Drivers/displayls013b7dh03.o" "./Drivers/displaypalemlib.o" "./Drivers/retargetio.o" "./Drivers/retargettextdisplay.o" "./Drivers/textdisplay.o" "./Drivers/udelay.o" "./emlib/em_assert.o" "./emlib/em_cmu.o" "./emlib/em_core.o" "./emlib/em_emu.o" "./emlib/em_gpio.o" "./emlib/em_pcnt.o" "./emlib/em_prs.o" "./emlib/em_rtc.o" "./emlib/em_usart.o" "./src/4_dma_auto.o" -Wl,--start-group -lgcc -lc -lnosys -Wl,--end-group
./src/4_dma_auto.o: In function `performFlashTransfer':
C:\Users\tijsv\OneDrive - Universiteit Antwerpen\UAsem6\Embedded\Sleutel\SimplicityStudio\Copy of Ex2_3\GNU ARM v7.2.1 - Debug/../src/4_dma_auto.c:95: undefined reference to `DMA_CfgChannel'
C:\Users\tijsv\OneDrive - Universiteit Antwerpen\UAsem6\Embedded\Sleutel\SimplicityStudio\Copy of Ex2_3\GNU ARM v7.2.1 - Debug/../src/4_dma_auto.c:104: undefined reference to `DMA_CfgDescr'
C:\Users\tijsv\OneDrive - Universiteit Antwerpen\UAsem6\Embedded\Sleutel\SimplicityStudio\Copy of Ex2_3\GNU ARM v7.2.1 - Debug/../src/4_dma_auto.c:111: undefined reference to `DMA_ActivateAuto'
./src/4_dma_auto.o: In function `main':
C:\Users\tijsv\OneDrive - Universiteit Antwerpen\UAsem6\Embedded\Sleutel\SimplicityStudio\Copy of Ex2_3\GNU ARM v7.2.1 - Debug/../src/4_dma_auto.c:142: undefined reference to `DMA_Init'
collect2.exe: error: ld returned 1 exit status
make: *** [Copy of Ex2_3.axf] Error 1

21:47:36 Build Finished (took 3s.869ms)

